\BOOKMARK [0][-]{chapter*.3}{\376\377\0002\0000\0000\0007}{}% 1
\BOOKMARK [1][-]{section*.4}{\376\377\000I\000n\000t\000r\000o\000d\000u\000c\000t\000i\000o\000n}{chapter*.3}% 2
\BOOKMARK [1][-]{section*.5}{\376\377\000E\000x\000p\000e\000d\000i\000t\000i\000o\000n\000\040\000F\000i\000n\000d\000i\000n\000g\000s}{chapter*.3}% 3
\BOOKMARK [1][-]{section*.12}{\376\377\000M\000i\000n\000o\000r\000\040\000C\000a\000v\000e\000s}{chapter*.3}% 4
\BOOKMARK [1][-]{section*.17}{\376\377\000P\000i\000n\000g\000\040\000P\000o\000n\000g\000\040\000B\000a\000l\000l\000\040\000B\000o\000m\000b\000e}{chapter*.3}% 5
\BOOKMARK [1][-]{section*.18}{\376\377\000B\0009\000\040\000\046\000\040\000B\000e\000y\000o\000n\000d\000!}{chapter*.3}% 6
\BOOKMARK [1][-]{section*.19}{\376\377\000R\000i\000k\000\040\000a\000n\000d\000\040\000A\000n\000d\000y\000\040\000g\000o\000\040\000t\000o\000\040\000P\000l\000o\000p\000\040\000\050\000a\000n\000\040\000a\000b\000j\000e\000c\000t\000\040\000F\000a\000i\000l\000u\000r\000e\000\051}{chapter*.3}% 7
\BOOKMARK [1][-]{section*.20}{\376\377\000T\000h\000e\000\040\000E\000v\000e\000n\000t\000f\000u\000l\000\040\000C\000o\000n\000q\000u\000e\000s\000t\000\040\000o\000f\000\040\000P\000l\000o\000p\000z\000i\000l\000l\000a\000\040\000\050\000n\000e\000e\000.}{chapter*.3}% 8
\BOOKMARK [1][-]{section*.21}{\376\377\000R\000i\000g\000g\000i\000n\000'\000\040\000C\000a\000p\000t\000a\000i\000n\000\040\000K\000a\000n\000g\000a\000r\000o\000o}{chapter*.3}% 9
\BOOKMARK [1][-]{section*.22}{\376\377\000P\000u\000s\000h\000i\000n\000'\000\040\000C\000a\000p\000t\000a\000i\000n\000\040\000K\000a\000n\000g\000a\000r\000o\000o\000\040\000i\000n\000\040\0002\0000\0000\0007}{chapter*.3}% 10
\BOOKMARK [1][-]{section*.23}{\376\377\000F\000i\000r\000s\000t\000\040\000t\000i\000m\000e\000\040\000i\000n\000\040\000M\0001\0006}{chapter*.3}% 11
\BOOKMARK [1][-]{section*.24}{\376\377\000B\000o\000l\000t\000i\000n\000g\000\040\000`\000`\000K\000i\000l\000l\000\040\000E\000m\000\040\000A\000l\000l\000'\000'}{chapter*.3}% 12
\BOOKMARK [1][-]{section*.25}{\376\377\000A\000l\000e\000x\000\040\000P\000i\000t\000c\000h\000e\000r\000\040\000M\000e\000m\000o\000r\000i\000a\000l\000\040\000A\000w\000a\000r\000d\000\040\000R\000e\000p\000o\000r\000t}{chapter*.3}% 13
\BOOKMARK [0][-]{chapter*.26}{\376\377\0002\0000\0000\0008\000\040\040\024\000\040\000V\000o\000t\000l\000a\000\040\000G\000o\000r\000a}{}% 14
\BOOKMARK [1][-]{section*.27}{\376\377\000I\000n\000t\000r\000o\000d\000u\000c\000t\000i\000o\000n}{chapter*.26}% 15
\BOOKMARK [1][-]{section*.28}{\376\377\000E\000x\000p\000l\000o\000r\000a\000t\000i\000o\000n\000\040\000D\000i\000a\000r\000y}{chapter*.26}% 16
\BOOKMARK [1][-]{section*.29}{\376\377\000E\000x\000p\000l\000o\000r\000a\000t\000i\000o\000n\000\040\000S\000u\000m\000m\000a\000r\000y}{chapter*.26}% 17
\BOOKMARK [1][-]{section*.30}{\376\377\000A\000c\000r\000o\000s\000s\000\040\000t\000h\000e\000\040\000m\000o\000u\000n\000t\000a\000i\000n\000s\000\040\040\024\000\040\000a\000n\000\040\000u\000n\000e\000x\000p\000e\000r\000i\000e\000n\000c\000e\000d\000\040\000w\000a\000y\000\040\000t\000o\000\040\000r\000e\000a\000c\000h\000\040\000M\000i\000g}{chapter*.26}% 18
\BOOKMARK [1][-]{section*.31}{\376\377\000T\000h\000e\000\040\000S\000l\000o\000v\000\040\000m\000a\000g\000i\000c\000\040\000\050\0002\0000\0000\0008\000\051}{chapter*.26}% 19
\BOOKMARK [1][-]{section*.32}{\376\377\000W\000A\000T\000E\000R\000!}{chapter*.26}% 20
\BOOKMARK [1][-]{section*.33}{\376\377\000T\000r\000y\000i\000n\000g\000\040\000t\000o\000\040\000c\000l\000i\000m\000b\000\040\000i\000n\000t\000o\000\040\000M\0002\000.}{chapter*.26}% 21
\BOOKMARK [1][-]{section*.34}{\376\377\000D\000i\000s\000c\000o\000v\000e\000r\000i\000n\000g\000\040\000D\000a\000r\000k\000\040\000T\000r\000a\000n\000q\000u\000i\000l\000l\000i\000t\000y}{chapter*.26}% 22
\BOOKMARK [1][-]{section*.35}{\376\377\000R\000a\000w\000\040\000L\000o\000g\000b\000o\000o\000k\000\040\000W\000r\000i\000t\000e\000u\000p\000s}{chapter*.26}% 23
\BOOKMARK [1][-]{section*.45}{\376\377\0002\0006\000/\0007\000\040\000J\000a\000r\000v\000\040\000\046\000\040\000C\000l\000e\000w\000\040\041\222\000\040\000P\000l\000a\000n\000i\000k\000a}{chapter*.26}% 24
\BOOKMARK [1][-]{section*.51}{\376\377\000P\000l\000o\000p\000z\000i\000l\000l\000a\000\040\000-\000\040\000P\000h\000o\000t\000o\000\040\000T\000r\000i\000p\000\040\000W\000r\000i\000t\000e\000u\000p\000\040\000-\000\040\000J\000a\000r\000v}{chapter*.26}% 25
\BOOKMARK [1][-]{section*.52}{\376\377\000D\000a\000n\000g\000e\000r\000m\000o\000u\000s\000e\000\040\000-\000\040\000I\000z\000i\000,\000\040\000P\000a\000u\000l\000,\000\040\000J\000a\000r\000v\000\040\000-\000\040\000b\000y\000\040\000J\000a\000r\000v}{chapter*.26}% 26
\BOOKMARK [1][-]{section*.53}{\376\377\000S\000l\000o\000p\000\040\000K\000a\000b\000o\000o\000m}{chapter*.26}% 27
\BOOKMARK [1][-]{section*.54}{\376\377\000D\000a\000n\000g\000e\000r\000m\000o\000u\000s\000e\000\040\000C\000o\000n\000t\000i\000n\000u\000e\000d\000\040\000-\000\040\000M\000a\000r\000t\000i\000n\000,\000\040\000T\000i\000m\000,\000\040\000P\000a\000u\000l\000,\000\040\000J\000a\000r\000v\000\040\000-\000\040\0009\000t\000h\000\040\000A\000u\000g\000\040\000-\000\040\000b\000y\000\040\000M\000a\000r\000t\000i\000n}{chapter*.26}% 28
\BOOKMARK [1][-]{section*.55}{\376\377\000S\000c\000r\000o\000t\000t\000y\000\040\000B\000a\000s\000h\000i\000n\000g\000\040\000-\000\040\000M\000a\000r\000t\000i\000n\000,\000\040\000P\000a\000u\000l\000,\000\040\000T\000i\000m}{chapter*.26}% 29
\BOOKMARK [0][-]{chapter*.57}{\376\377\0002\0000\0000\0009\000\040\040\024\000\040\000B\000r\000e\000z\000z\000v\000e\000z\000d\000n\000a\000\040\000N\000o\001\015\000:}{}% 30
\BOOKMARK [1][-]{section*.58}{\376\377\000S\000u\000m\000m\000a\000r\000y}{chapter*.57}% 31
\BOOKMARK [1][-]{section*.59}{\376\377\000E\000x\000p\000e\000d\000i\000t\000i\000o\000n\000\040\000P\000r\000o\000c\000e\000e\000d\000i\000n\000g\000s}{chapter*.57}% 32
\BOOKMARK [1][-]{section*.63}{\376\377\000A\000c\000h\000i\000e\000v\000e\000m\000e\000n\000t\000s}{chapter*.57}% 33
\BOOKMARK [1][-]{section*.64}{\376\377\000T\000h\000e\000\040\000G\000r\000e\000a\000t\000\040\000L\000o\000o\000p\000\040\000T\000r\000i\000p}{chapter*.57}% 34
\BOOKMARK [1][-]{section*.66}{\376\377\000T\000h\000r\000o\000u\000g\000h\000\040\000t\000r\000i\000p\000\040\000M\0001\0006\000\040\000-\000\040\000M\0002}{chapter*.57}% 35
\BOOKMARK [1][-]{section*.67}{\376\377\000C\000l\000i\000m\000b\000i\000n\000g\000\040\000P\000r\000i\000m\000u\000l\000a}{chapter*.57}% 36
\BOOKMARK [1][-]{section*.68}{\376\377\000C\000l\000i\000m\000b\000i\000n\000g\000\040\000M\000e\000t\000a\000l\000\040\000a\000v\000e\000n}{chapter*.57}% 37
\BOOKMARK [1][-]{section*.69}{\376\377\000C\000l\000i\000m\000b\000i\000n\000g\000\040\000K\000.\000E\000.\000T\000.\000I\000.}{chapter*.57}% 38
\BOOKMARK [1][-]{section*.70}{\376\377\000C\000l\000i\000m\000b\000i\000n\000g\000\040\000R\000i\000d\000e\000\040\000T\000h\000e\000\040\000L\000i\000g\000h\000t\000n\000i\000n\000g\000G}{chapter*.57}% 39
\BOOKMARK [1][-]{section*.71}{\376\377\000O\000u\000t\000l\000o\000o\000k\000\040\000f\000o\000r\000\040\0002\0000\0001\0000}{chapter*.57}% 40
\BOOKMARK [1][-]{section*.72}{\376\377\000L\000o\000g\000i\000s\000t\000i\000c\000s}{chapter*.57}% 41
\BOOKMARK [1][-]{section*.73}{\376\377\000Z\000i\000m\000m\000e\000r\000\040\000s\000t\000r\000e\000a\000m\000w\000a\000y}{chapter*.57}% 42
\BOOKMARK [1][-]{section*.74}{\376\377\000F\000i\000r\000s\000t\000\040\000n\000i\000g\000h\000t\000\040\000t\000r\000a\000i\000n\000\040\000t\000r\000i\000p\000\040\000d\000o\000w\000n\000\040\000C\000a\000p\000t\000a\000i\000n\000\040\000K\000a\000n\000g\000a\000r\000o\000o\000\040\000-\000\040\000T\000i\000m\000\040\000a\000n\000d\000\040\000T\000h\000a\000r\000a\000\040\000-\000\040\000w\000r\000i\000t\000t\000e\000n\000\040\000b\000y\000\040\000T\000h\000a\000r\000a\000t\000o\000r\000n\000\040\000S\000u\000p\000a\000s\000i\000t\000i}{chapter*.57}% 43
\BOOKMARK [1][-]{section*.76}{\376\377\000L\000o\000g\000b\000o\000o\000k\000\040\000S\000t\000o\000r\000i\000e\000s}{chapter*.57}% 44
\BOOKMARK [0][-]{chapter*.80}{\376\377\0002\0000\0001\0000\000\040\040\024\000\040\000V\000o\000d\000n\000a\000\040\000S\000l\000e\000d}{}% 45
\BOOKMARK [1][-]{section*.81}{\376\377\000E\000x\000p\000e\000d\000i\000t\000i\000o\000n\000\040\000O\000v\000e\000r\000v\000i\000e\000w}{chapter*.80}% 46
\BOOKMARK [1][-]{section*.82}{\376\377\000E\000x\000p\000e\000d\000i\000t\000i\000o\000n\000\040\000F\000i\000n\000d\000i\000n\000g\000s}{chapter*.80}% 47
\BOOKMARK [1][-]{section*.87}{\376\377\000T\000o\000l\000m\000i\000n\000s\000k\000a\000\040\000K\000o\000r\000i\000t\000a}{chapter*.80}% 48
\BOOKMARK [1][-]{section*.90}{\376\377\000R\000o\000a\000r\000i\000n\000g\000\040\000F\000l\000o\000o\000r\000\040\000T\000e\000a\000s\000e\000\040\000\050\000M\000u\000d\000d\000y\000\040\000W\000i\000n\000d\000o\000w\000\040\000o\000f\000f\000\040\000H\000a\000p\000p\000y\000\040\000M\000o\000n\000d\000a\000y\000\051}{chapter*.80}% 49
\BOOKMARK [1][-]{section*.91}{\376\377\000D\000e\000e\000p\000\040\000L\000e\000a\000d\000s\000\040\000\050\000B\000e\000l\000o\000w\000\040\000B\000i\000g\000\040\000R\000o\000c\000k\000\040\000C\000a\000n\000d\000y\000\040\000M\000o\000u\000n\000t\000a\000i\000n\000\051}{chapter*.80}% 50
\BOOKMARK [1][-]{section*.93}{\376\377\000O\000r\000i\000g\000i\000n\000a\000l\000\040\000E\000x\000p\000l\000o\000r\000a\000t\000i\000o\000n\000\040\000S\000t\000o\000r\000i\000e\000s}{chapter*.80}% 51
\BOOKMARK [1][-]{section*.94}{\376\377\000R\000e\000r\000i\000g\000g\000i\000n\000g\000\040\000V\000r\000t\000n\000a\000r\000i\000j\000a}{chapter*.80}% 52
\BOOKMARK [1][-]{section*.96}{\376\377\000P\000u\000s\000h\000i\000n\000g\000\040\000I\000n\000s\000o\000m\000n\000i\000a}{chapter*.80}% 53
\BOOKMARK [1][-]{section*.97}{\376\377\000M\000o\000r\000e\000\040\000H\000o\000r\000r\000o\000r\000\040\000w\000i\000t\000h\000\040\000J\000a\000n\000.}{chapter*.80}% 54
\BOOKMARK [1][-]{section*.99}{\376\377\000B\000a\000l\000a\000m\000o\000r\000y}{chapter*.80}% 55
\BOOKMARK [1][-]{section*.100}{\376\377\000P\000a\000l\000a\000c\000e\000\040\000o\000f\000\040\000k\000i\000n\000g\000\040\000M\000i\000n\000o\000s\000,\000\040\000Q\000u\000e\000e\000n\000\040\000B\000e\000d\000\040\000c\000h\000a\000m\000b\000e\000r\000,\000\040\000M\000i\000n\000o\000t\000a\000u\000r\000\040\000r\000i\000f\000t\000\040\000a\000n\000d\000\040\000O\000u\000r\000o\000b\000o\000r\000o\000s}{chapter*.80}% 56
\BOOKMARK [1][-]{section*.101}{\376\377\000H\000i\000d\000d\000e\000n\000\040\000S\000u\000r\000p\000r\000i\000s\000e}{chapter*.80}% 57
\BOOKMARK [1][-]{section*.102}{\376\377\000D\000i\000s\000c\000o\000v\000e\000r\000i\000n\000g\000\040\000P\000o\000v\000o\000d\000n\000i\000\040\000M\000o\001\176}{chapter*.80}% 58
\BOOKMARK [1][-]{section*.103}{\376\377\000M\0002\000\040\040\024\000\040\000K\000a\000v\000k\000n\000a\000\040\000J\000a\000m\000a}{chapter*.80}% 59
\BOOKMARK [1][-]{section*.104}{\376\377\000E\000x\000p\000l\000o\000r\000a\000t\000i\000o\000n\000\040\000O\000u\000t\000l\000o\000o\000k}{chapter*.80}% 60
\BOOKMARK [1][-]{section*.105}{\376\377\000M\000i\000g\000o\000v\000e\000c\000'\000s\000\040\000L\000o\000n\000g\000\040\000T\000e\000r\000m\000\040\000P\000r\000o\000s\000p\000e\000c\000t\000s}{chapter*.80}% 61
\BOOKMARK [1][-]{section*.106}{\376\377\000U\000n\000d\000e\000r\000g\000r\000o\000u\000n\000d\000\040\000L\000o\000g\000b\000o\000o\000k}{chapter*.80}% 62
\BOOKMARK [0][-]{chapter*.107}{\376\377\0002\0000\0001\0001\000\040\040\024\000\040\000I\000z\000g\000u\000b\000l\000j\000e\000n\000i\000\040\000R\000a\000j}{}% 63
\BOOKMARK [1][-]{section*.109}{\376\377\000C\000a\000v\000e\000\040\000D\000i\000s\000c\000o\000v\000e\000r\000i\000e\000s}{chapter*.107}% 64
\BOOKMARK [1][-]{section*.112}{\376\377\000K\000a\000m\000i\000k\000a\000z\000e}{chapter*.107}% 65
\BOOKMARK [1][-]{section*.114}{\376\377\000P\000r\000o\000s\000p\000e\000c\000t\000\040\000f\000o\000r\000\040\0002\0000\0001\0002}{chapter*.107}% 66
\BOOKMARK [1][-]{section*.115}{\376\377\000O\000c\000t\000o\000b\000e\000r\000\040\000M\0002\000\040\000/\000\040\000K\000a\000v\000k\000n\000a\000\040\000J\000a\000m\000a}{chapter*.107}% 67
\BOOKMARK [1][-]{section*.116}{\376\377\000C\000o\000n\000t\000r\000i\000b\000u\000t\000e\000d\000\040\000S\000t\000o\000r\000i\000e\000s}{chapter*.107}% 68
\BOOKMARK [1][-]{section*.123}{\376\377\000L\000e\000t\000\040\000n\000a\000\040\000D\000r\000u\000g\000i\000\040\000S\000v\000e\000t}{chapter*.107}% 69
\BOOKMARK [1][-]{section*.124}{\376\377\000B\000o\000l\000t\000\040\000c\000l\000i\000m\000b\000i\000n\000g\000\040\000i\000n\000\040\000Q\000u\000e\000e\000n\000'\000s\000\040\000b\000e\000d\000\040\000C\000h\000a\000m\000b\000e\000r}{chapter*.107}% 70
\BOOKMARK [1][-]{section*.125}{\376\377\000T\000h\000e\000\040\000c\000o\000n\000t\000i\000n\000u\000a\000t\000i\000o\000n\000\040\000o\000f\000\040\000S\000t\000u\000c\000k\000\040\000i\000n\000\040\000P\000a\000r\000a\000d\000i\000s\000e}{chapter*.107}% 71
\BOOKMARK [1][-]{section*.126}{\376\377\000W\000i\000n\000t\000e\000r\000\040\000J\000o\000u\000r\000n\000e\000y}{chapter*.107}% 72
\BOOKMARK [1][-]{section*.127}{\376\377\000D\000r\000i\000n\000k\000\040\000Y\000o\000u\000r\000\040\000O\000w\000n}{chapter*.107}% 73
\BOOKMARK [1][-]{section*.128}{\376\377\000M\0002\000\040\000S\000u\000p\000e\000r\000\040\000A\000c\000t\000i\000o\000n}{chapter*.107}% 74
\BOOKMARK [0][-]{chapter*.129}{\376\377\0002\0000\0001\0002\000\040\040\024\000\040\000S\000l\000e\000d\000i\000\040\000V\000e\000t\000r\000a}{}% 75
\BOOKMARK [1][-]{section*.130}{\376\377\000A\000b\000s\000t\000r\000a\000c\000t}{chapter*.129}% 76
\BOOKMARK [1][-]{section*.131}{\376\377\000I\000n\000t\000r\000o\000d\000u\000c\000t\000i\000o\000n}{chapter*.129}% 77
\BOOKMARK [1][-]{section*.132}{\376\377\000C\000a\000v\000e\000\040\000D\000i\000s\000c\000o\000v\000e\000r\000i\000e\000s}{chapter*.129}% 78
\BOOKMARK [1][-]{section*.144}{\376\377\000S\000u\000r\000f\000a\000c\000e\000\040\000W\000o\000r\000k}{chapter*.129}% 79
\BOOKMARK [1][-]{section*.145}{\376\377\000C\000o\000n\000t\000r\000i\000b\000u\000t\000e\000d\000\040\000s\000t\000o\000r\000i\000e\000s}{chapter*.129}% 80
\BOOKMARK [1][-]{section*.146}{\376\377\0002\0000\0001\0002\000\040\040\023\000\040\000W\000a\000t\000e\000r\000s\000h\000i\000p\000\040\000D\000o\000w\000n\000\040\000\046\000\040\000H\000o\000t\000\040\000P\000a\000n\000t\000s}{chapter*.129}% 81
\BOOKMARK [1][-]{section*.148}{\376\377\000T\000h\000e\000\040\000P\000i\000s\000s\000\040\000B\000a\000n\000d\000i\000t\000s\000\040\000a\000n\000d\000\040\000t\000h\000e\000\040\000U\000n\000d\000e\000r\000c\000o\000v\000e\000r\000\040\000S\000q\000u\000i\000r\000r\000e\000l}{chapter*.129}% 82
\BOOKMARK [1][-]{section*.149}{\376\377\000D\000i\000v\000i\000n\000g\000\040\000D\000r\000e\000a\000m\000s}{chapter*.129}% 83
\BOOKMARK [1][-]{section*.150}{\376\377\000C\000u\000t\000t\000i\000n\000g\000\040\000y\000o\000u\000r\000\040\000n\000e\000c\000k\000\040\000a\000t\000\040\000t\000h\000e\000\040\000G\000u\000i\000l\000l\000o\000t\000i\000n\000e}{chapter*.129}% 84
\BOOKMARK [1][-]{section*.151}{\376\377\0002\0000\0001\0002\000\040\040\023\000\040\000W\000a\000t\000e\000r\000s\000h\000i\000p\000\040\000U\000p\000\040\000w\000i\000t\000h\000\040\000O\000l\000i}{chapter*.129}% 85
\BOOKMARK [1][-]{section*.153}{\376\377\000S\000a\000n\000j\000e\000\040\000z\000a\000\040\000D\000u\000s\000o\000\040\000\050\000D\000r\000e\000a\000m\000s\000\040\000f\000o\000r\000\040\000t\000h\000e\000\040\000S\000o\000u\000l\000\051}{chapter*.129}% 86
\BOOKMARK [1][-]{section*.154}{\376\377\000P\000r\000o\000s\000p\000e\000c\000t\000\040\000f\000o\000r\000\040\0002\0000\0001\0003}{chapter*.129}% 87
\BOOKMARK [0][-]{chapter*.155}{\376\377\000E\000p\000i\000l\000o\000g\000u\000e}{}% 88
\BOOKMARK [0][-]{chapter*.156}{\376\377\000A\000p\000p\000e\000n\000d\000i\000x\000\040\000A\000\040\040\024\000\040\000E\000x\000p\000e\000d\000i\000t\000i\000o\000n\000\040\000L\000o\000g\000i\000s\000t\000i\000c\000s}{}% 89
\BOOKMARK [1][-]{section*.157}{\376\377\000T\000h\000r\000e\000e\000\040\000Y\000e\000a\000r\000s\000\040\000a\000t\000\040\000X\000-\000R\000a\000y\000:\000\040\000U\000n\000d\000e\000r\000g\000r\000o\000u\000n\000d\000\040\000C\000a\000m\000p\000\040\000L\000o\000g\000i\000s\000t\000i\000c\000s}{chapter*.156}% 90
\BOOKMARK [1][-]{section*.158}{\376\377\000C\000a\000v\000e\000\040\000C\000o\000n\000d\000i\000t\000i\000o\000n\000s}{chapter*.156}% 91
\BOOKMARK [1][-]{section*.162}{\376\377\000C\000o\000o\000k\000i\000n\000g\000\040\000A\000r\000r\000a\000n\000g\000e\000m\000e\000n\000t\000s}{chapter*.156}% 92
\BOOKMARK [1][-]{section*.163}{\376\377\000F\000o\000o\000d\000\040\000\046\000\040\000D\000r\000i\000n\000k}{chapter*.156}% 93
\BOOKMARK [1][-]{section*.165}{\376\377\000M\000u\000s\000i\000c\000\040\000\046\000\040\000E\000n\000t\000e\000r\000t\000a\000i\000n\000m\000e\000n\000t}{chapter*.156}% 94
\BOOKMARK [1][-]{section*.166}{\376\377\000A\000m\000b\000i\000e\000n\000c\000e}{chapter*.156}% 95
